Determining if the pthread_create exist failed with the following output:
Change Dir: /home/terra/Spring19/CS446/GitHub/CS446/Project4/cmake-build-debug/CMakeFiles/CMakeTmp

Run Build Command:"/usr/bin/make" "cmTC_0dbf7/fast"
make[1]: Entering directory '/home/terra/Spring19/CS446/GitHub/CS446/Project4/cmake-build-debug/CMakeFiles/CMakeTmp'
/usr/bin/make -f CMakeFiles/cmTC_0dbf7.dir/build.make CMakeFiles/cmTC_0dbf7.dir/build
make[2]: Entering directory '/home/terra/Spring19/CS446/GitHub/CS446/Project4/cmake-build-debug/CMakeFiles/CMakeTmp'
Building C object CMakeFiles/cmTC_0dbf7.dir/CheckSymbolExists.c.o
/usr/bin/cc    -o CMakeFiles/cmTC_0dbf7.dir/CheckSymbolExists.c.o   -c /home/terra/Spring19/CS446/GitHub/CS446/Project4/cmake-build-debug/CMakeFiles/CMakeTmp/CheckSymbolExists.c
Linking C executable cmTC_0dbf7
/opt/clion-2018.3.4/bin/cmake/linux/bin/cmake -E cmake_link_script CMakeFiles/cmTC_0dbf7.dir/link.txt --verbose=1
/usr/bin/cc      CMakeFiles/cmTC_0dbf7.dir/CheckSymbolExists.c.o  -o cmTC_0dbf7 
CMakeFiles/cmTC_0dbf7.dir/CheckSymbolExists.c.o: In function `main':
CheckSymbolExists.c:(.text+0x1b): undefined reference to `pthread_create'
collect2: error: ld returned 1 exit status
CMakeFiles/cmTC_0dbf7.dir/build.make:86: recipe for target 'cmTC_0dbf7' failed
make[2]: *** [cmTC_0dbf7] Error 1
make[2]: Leaving directory '/home/terra/Spring19/CS446/GitHub/CS446/Project4/cmake-build-debug/CMakeFiles/CMakeTmp'
Makefile:121: recipe for target 'cmTC_0dbf7/fast' failed
make[1]: *** [cmTC_0dbf7/fast] Error 2
make[1]: Leaving directory '/home/terra/Spring19/CS446/GitHub/CS446/Project4/cmake-build-debug/CMakeFiles/CMakeTmp'

File /home/terra/Spring19/CS446/GitHub/CS446/Project4/cmake-build-debug/CMakeFiles/CMakeTmp/CheckSymbolExists.c:
/* */
#include <pthread.h>

int main(int argc, char** argv)
{
  (void)argv;
#ifndef pthread_create
  return ((int*)(&pthread_create))[argc];
#else
  (void)argc;
  return 0;
#endif
}

Determining if the function pthread_create exists in the pthreads failed with the following output:
Change Dir: /home/terra/Spring19/CS446/GitHub/CS446/Project4/cmake-build-debug/CMakeFiles/CMakeTmp

Run Build Command:"/usr/bin/make" "cmTC_e6cc4/fast"
make[1]: Entering directory '/home/terra/Spring19/CS446/GitHub/CS446/Project4/cmake-build-debug/CMakeFiles/CMakeTmp'
/usr/bin/make -f CMakeFiles/cmTC_e6cc4.dir/build.make CMakeFiles/cmTC_e6cc4.dir/build
make[2]: Entering directory '/home/terra/Spring19/CS446/GitHub/CS446/Project4/cmake-build-debug/CMakeFiles/CMakeTmp'
Building C object CMakeFiles/cmTC_e6cc4.dir/CheckFunctionExists.c.o
/usr/bin/cc   -DCHECK_FUNCTION_EXISTS=pthread_create   -o CMakeFiles/cmTC_e6cc4.dir/CheckFunctionExists.c.o   -c /opt/clion-2018.3.4/bin/cmake/linux/share/cmake-3.13/Modules/CheckFunctionExists.c
Linking C executable cmTC_e6cc4
/opt/clion-2018.3.4/bin/cmake/linux/bin/cmake -E cmake_link_script CMakeFiles/cmTC_e6cc4.dir/link.txt --verbose=1
/usr/bin/cc  -DCHECK_FUNCTION_EXISTS=pthread_create    CMakeFiles/cmTC_e6cc4.dir/CheckFunctionExists.c.o  -o cmTC_e6cc4 -lpthreads 
/usr/bin/ld: cannot find -lpthreads
collect2: error: ld returned 1 exit status
CMakeFiles/cmTC_e6cc4.dir/build.make:86: recipe for target 'cmTC_e6cc4' failed
make[2]: *** [cmTC_e6cc4] Error 1
make[2]: Leaving directory '/home/terra/Spring19/CS446/GitHub/CS446/Project4/cmake-build-debug/CMakeFiles/CMakeTmp'
Makefile:121: recipe for target 'cmTC_e6cc4/fast' failed
make[1]: *** [cmTC_e6cc4/fast] Error 2
make[1]: Leaving directory '/home/terra/Spring19/CS446/GitHub/CS446/Project4/cmake-build-debug/CMakeFiles/CMakeTmp'


